<?xml version="1.0" encoding="UTF-8" ?>
<testsuites errors="1"
            failures="1"
            tests="1">

  <testsuite name="google"
    errors="1" failures="1" hostname="" id="" package="google" skipped="0"
    tests="1" time="41.36" timestamp="">
  
    <testcase name="Your test here" classname="google" time="41.36" assertions="2">

      <failure message="Testing if element &lt;Flamenco&gt; is visible. Element could not be located in 1000 ms. - expected [0;32m&#34;true&#34;[0m but got: [0;31m&#34;null&#34;[0m">    at Object.Your test here (/Users/hakanberberoglu/Documents/DevMountain/Projects/practiceAutomation/Tests/google.js:14:17)
    at processTicksAndRejections (internal/process/task_queues.js:89:5)</failure>

    <failure message="    at Object.Your test here (/Users/hakanberberoglu/Documents/DevMountain/Projects/practiceAutomation/Tests/google.js:14:17)">    at processTicksAndRejections (internal/process/task_queues.js:89:5)</failure>
    </testcase>
  

  

  
  </testsuite>
</testsuites>
